INFO [2021-11-22 09:16:28] $x
INFO [2021-11-22 09:16:28] list(IBDGene, GravesGene, CeliacGene, AsthmaGene)
INFO [2021-11-22 09:16:28] 
INFO [2021-11-22 09:16:28] $category.names
INFO [2021-11-22 09:16:28] c("IBD", "Graves", "Celiac", "Asthma")
INFO [2021-11-22 09:16:28] 
INFO [2021-11-22 09:16:28] $filename
INFO [2021-11-22 09:16:28] [1] "Genes_venn_diagramm2.png"
INFO [2021-11-22 09:16:28] 
INFO [2021-11-22 09:16:28] $output
INFO [2021-11-22 09:16:28] [1] TRUE
INFO [2021-11-22 09:16:28] 
INFO [2021-11-22 09:16:28] $lwd
INFO [2021-11-22 09:16:28] [1] 1.5
INFO [2021-11-22 09:16:28] 
INFO [2021-11-22 09:16:28] $lty
INFO [2021-11-22 09:16:28] [1] "blank"
INFO [2021-11-22 09:16:28] 
INFO [2021-11-22 09:16:28] $fill
INFO [2021-11-22 09:16:28] myCol
INFO [2021-11-22 09:16:28] 
INFO [2021-11-22 09:16:28] $cex
INFO [2021-11-22 09:16:28] [1] 0.4
INFO [2021-11-22 09:16:28] 
INFO [2021-11-22 09:16:28] $fontface
INFO [2021-11-22 09:16:28] [1] "bold"
INFO [2021-11-22 09:16:28] 
INFO [2021-11-22 09:16:28] $fontfamily
INFO [2021-11-22 09:16:28] [1] "sans"
INFO [2021-11-22 09:16:28] 
INFO [2021-11-22 09:16:28] $cat.cex
INFO [2021-11-22 09:16:28] [1] 0.4
INFO [2021-11-22 09:16:28] 
INFO [2021-11-22 09:16:28] $cat.fontface
INFO [2021-11-22 09:16:28] [1] "bold"
INFO [2021-11-22 09:16:28] 
INFO [2021-11-22 09:16:28] $cat.default.pos
INFO [2021-11-22 09:16:28] [1] "outer"
INFO [2021-11-22 09:16:28] 
INFO [2021-11-22 09:16:28] $cat.fontfamily
INFO [2021-11-22 09:16:28] [1] "sans"
INFO [2021-11-22 09:16:28] 
ERROR [2021-11-22 09:16:28] NAs in dataset
