INFO [2021-11-22 09:49:00] $x
INFO [2021-11-22 09:49:00] list(IBDGene, T1DiabetesGene, CeliacGene, AsthmaGene)
INFO [2021-11-22 09:49:00] 
INFO [2021-11-22 09:49:00] $category.names
INFO [2021-11-22 09:49:00] c("IBD", "T1Diabetes", "Celiac", "Asthma")
INFO [2021-11-22 09:49:00] 
INFO [2021-11-22 09:49:00] $filename
INFO [2021-11-22 09:49:00] [1] "Genes_venn_diagramm6.png"
INFO [2021-11-22 09:49:00] 
INFO [2021-11-22 09:49:00] $output
INFO [2021-11-22 09:49:00] [1] TRUE
INFO [2021-11-22 09:49:00] 
INFO [2021-11-22 09:49:00] $lwd
INFO [2021-11-22 09:49:00] [1] 1.5
INFO [2021-11-22 09:49:00] 
INFO [2021-11-22 09:49:00] $lty
INFO [2021-11-22 09:49:00] [1] "blank"
INFO [2021-11-22 09:49:00] 
INFO [2021-11-22 09:49:00] $fill
INFO [2021-11-22 09:49:00] myCol
INFO [2021-11-22 09:49:00] 
INFO [2021-11-22 09:49:00] $cex
INFO [2021-11-22 09:49:00] [1] 0.4
INFO [2021-11-22 09:49:00] 
INFO [2021-11-22 09:49:00] $fontface
INFO [2021-11-22 09:49:00] [1] "bold"
INFO [2021-11-22 09:49:00] 
INFO [2021-11-22 09:49:00] $fontfamily
INFO [2021-11-22 09:49:00] [1] "sans"
INFO [2021-11-22 09:49:00] 
INFO [2021-11-22 09:49:00] $cat.cex
INFO [2021-11-22 09:49:00] [1] 0.4
INFO [2021-11-22 09:49:00] 
INFO [2021-11-22 09:49:00] $cat.fontface
INFO [2021-11-22 09:49:00] [1] "bold"
INFO [2021-11-22 09:49:00] 
INFO [2021-11-22 09:49:00] $cat.default.pos
INFO [2021-11-22 09:49:00] [1] "outer"
INFO [2021-11-22 09:49:00] 
INFO [2021-11-22 09:49:00] $cat.fontfamily
INFO [2021-11-22 09:49:00] [1] "sans"
INFO [2021-11-22 09:49:00] 
