INFO [2021-11-27 13:22:17] $x
INFO [2021-11-27 13:22:17] list(IBDGene, GravesGene, HashimotoGene, CeliacGene, AsthmaGene)
INFO [2021-11-27 13:22:17] 
INFO [2021-11-27 13:22:17] $category.names
INFO [2021-11-27 13:22:17] c("IBD", "Graves", "Hashimoto's", "Celiac", "Asthma")
INFO [2021-11-27 13:22:17] 
INFO [2021-11-27 13:22:17] $filename
INFO [2021-11-27 13:22:17] [1] "Genes_venn_diagramm8.png"
INFO [2021-11-27 13:22:17] 
INFO [2021-11-27 13:22:17] $output
INFO [2021-11-27 13:22:17] [1] TRUE
INFO [2021-11-27 13:22:17] 
INFO [2021-11-27 13:22:17] $lwd
INFO [2021-11-27 13:22:17] [1] 1.5
INFO [2021-11-27 13:22:17] 
INFO [2021-11-27 13:22:17] $lty
INFO [2021-11-27 13:22:17] [1] "blank"
INFO [2021-11-27 13:22:17] 
INFO [2021-11-27 13:22:17] $fill
INFO [2021-11-27 13:22:17] myCol2
INFO [2021-11-27 13:22:17] 
INFO [2021-11-27 13:22:17] $cex
INFO [2021-11-27 13:22:17] [1] 0.4
INFO [2021-11-27 13:22:17] 
INFO [2021-11-27 13:22:17] $fontface
INFO [2021-11-27 13:22:17] [1] "bold"
INFO [2021-11-27 13:22:17] 
INFO [2021-11-27 13:22:17] $fontfamily
INFO [2021-11-27 13:22:17] [1] "sans"
INFO [2021-11-27 13:22:17] 
INFO [2021-11-27 13:22:17] $cat.cex
INFO [2021-11-27 13:22:17] [1] 0.4
INFO [2021-11-27 13:22:17] 
INFO [2021-11-27 13:22:17] $cat.fontface
INFO [2021-11-27 13:22:17] [1] "bold"
INFO [2021-11-27 13:22:17] 
INFO [2021-11-27 13:22:17] $cat.default.pos
INFO [2021-11-27 13:22:17] [1] "outer"
INFO [2021-11-27 13:22:17] 
INFO [2021-11-27 13:22:17] $cat.fontfamily
INFO [2021-11-27 13:22:17] [1] "sans"
INFO [2021-11-27 13:22:17] 
