INFO [2021-11-27 13:22:13] $x
INFO [2021-11-27 13:22:13] list(MSGene, RArthritisGene, LupusGene, T1DiabetesGene, AsthmaGene)
INFO [2021-11-27 13:22:13] 
INFO [2021-11-27 13:22:13] $category.names
INFO [2021-11-27 13:22:13] c("MS", "RArthritis", "Lupus", "T1Diabetes", "Asthma")
INFO [2021-11-27 13:22:13] 
INFO [2021-11-27 13:22:13] $filename
INFO [2021-11-27 13:22:13] [1] "Genes_venn_diagramm4.png"
INFO [2021-11-27 13:22:13] 
INFO [2021-11-27 13:22:13] $output
INFO [2021-11-27 13:22:13] [1] TRUE
INFO [2021-11-27 13:22:13] 
INFO [2021-11-27 13:22:13] $lwd
INFO [2021-11-27 13:22:13] [1] 1.5
INFO [2021-11-27 13:22:13] 
INFO [2021-11-27 13:22:13] $lty
INFO [2021-11-27 13:22:13] [1] "blank"
INFO [2021-11-27 13:22:13] 
INFO [2021-11-27 13:22:13] $fill
INFO [2021-11-27 13:22:13] myCol2
INFO [2021-11-27 13:22:13] 
INFO [2021-11-27 13:22:13] $cex
INFO [2021-11-27 13:22:13] [1] 0.4
INFO [2021-11-27 13:22:13] 
INFO [2021-11-27 13:22:13] $fontface
INFO [2021-11-27 13:22:13] [1] "bold"
INFO [2021-11-27 13:22:13] 
INFO [2021-11-27 13:22:13] $fontfamily
INFO [2021-11-27 13:22:13] [1] "sans"
INFO [2021-11-27 13:22:13] 
INFO [2021-11-27 13:22:13] $cat.cex
INFO [2021-11-27 13:22:13] [1] 0.4
INFO [2021-11-27 13:22:13] 
INFO [2021-11-27 13:22:13] $cat.fontface
INFO [2021-11-27 13:22:13] [1] "bold"
INFO [2021-11-27 13:22:13] 
INFO [2021-11-27 13:22:13] $cat.default.pos
INFO [2021-11-27 13:22:13] [1] "outer"
INFO [2021-11-27 13:22:13] 
INFO [2021-11-27 13:22:13] $cat.fontfamily
INFO [2021-11-27 13:22:13] [1] "sans"
INFO [2021-11-27 13:22:13] 
