INFO [2021-11-22 09:46:25] $x
INFO [2021-11-22 09:46:25] list(MSGene, RArthritisGene, LupusGene, T1DiabetesGene)
INFO [2021-11-22 09:46:25] 
INFO [2021-11-22 09:46:25] $category.names
INFO [2021-11-22 09:46:25] c("MS", "RArthritis", "Lupus", "T1Diabetes")
INFO [2021-11-22 09:46:25] 
INFO [2021-11-22 09:46:25] $filename
INFO [2021-11-22 09:46:25] [1] "Genes_venn_diagramm.png"
INFO [2021-11-22 09:46:25] 
INFO [2021-11-22 09:46:25] $output
INFO [2021-11-22 09:46:25] [1] TRUE
INFO [2021-11-22 09:46:25] 
INFO [2021-11-22 09:46:25] $lwd
INFO [2021-11-22 09:46:25] [1] 1.5
INFO [2021-11-22 09:46:25] 
INFO [2021-11-22 09:46:25] $lty
INFO [2021-11-22 09:46:25] [1] "blank"
INFO [2021-11-22 09:46:25] 
INFO [2021-11-22 09:46:25] $fill
INFO [2021-11-22 09:46:25] myCol
INFO [2021-11-22 09:46:25] 
INFO [2021-11-22 09:46:25] $cex
INFO [2021-11-22 09:46:25] [1] 0.4
INFO [2021-11-22 09:46:25] 
INFO [2021-11-22 09:46:25] $fontface
INFO [2021-11-22 09:46:25] [1] "bold"
INFO [2021-11-22 09:46:25] 
INFO [2021-11-22 09:46:25] $fontfamily
INFO [2021-11-22 09:46:25] [1] "sans"
INFO [2021-11-22 09:46:25] 
INFO [2021-11-22 09:46:25] $cat.cex
INFO [2021-11-22 09:46:25] [1] 0.4
INFO [2021-11-22 09:46:25] 
INFO [2021-11-22 09:46:25] $cat.fontface
INFO [2021-11-22 09:46:25] [1] "bold"
INFO [2021-11-22 09:46:25] 
INFO [2021-11-22 09:46:25] $cat.default.pos
INFO [2021-11-22 09:46:25] [1] "outer"
INFO [2021-11-22 09:46:25] 
INFO [2021-11-22 09:46:25] $cat.fontfamily
INFO [2021-11-22 09:46:25] [1] "sans"
INFO [2021-11-22 09:46:25] 
