INFO [2021-11-22 09:04:18] $x
INFO [2021-11-22 09:04:18] list(MSGene, RArthritisGene, LupusGene, T1DiabetesGene)
INFO [2021-11-22 09:04:18] 
INFO [2021-11-22 09:04:18] $category.names
INFO [2021-11-22 09:04:18] c("MS", "RArthritis", "Lupus", "T1Diabetes")
INFO [2021-11-22 09:04:18] 
INFO [2021-11-22 09:04:18] $filename
INFO [2021-11-22 09:04:18] [1] "Genes_venn_diagramm.png"
INFO [2021-11-22 09:04:18] 
INFO [2021-11-22 09:04:18] $output
INFO [2021-11-22 09:04:18] [1] TRUE
INFO [2021-11-22 09:04:18] 
INFO [2021-11-22 09:04:18] $lwd
INFO [2021-11-22 09:04:18] [1] 1.5
INFO [2021-11-22 09:04:18] 
INFO [2021-11-22 09:04:18] $lty
INFO [2021-11-22 09:04:18] [1] "blank"
INFO [2021-11-22 09:04:18] 
INFO [2021-11-22 09:04:18] $fill
INFO [2021-11-22 09:04:18] myCol
INFO [2021-11-22 09:04:18] 
INFO [2021-11-22 09:04:18] $cex
INFO [2021-11-22 09:04:18] [1] 0.4
INFO [2021-11-22 09:04:18] 
INFO [2021-11-22 09:04:18] $fontface
INFO [2021-11-22 09:04:18] [1] "bold"
INFO [2021-11-22 09:04:18] 
INFO [2021-11-22 09:04:18] $fontfamily
INFO [2021-11-22 09:04:18] [1] "sans"
INFO [2021-11-22 09:04:18] 
INFO [2021-11-22 09:04:18] $cat.cex
INFO [2021-11-22 09:04:18] [1] 0.4
INFO [2021-11-22 09:04:18] 
INFO [2021-11-22 09:04:18] $cat.fontface
INFO [2021-11-22 09:04:18] [1] "bold"
INFO [2021-11-22 09:04:18] 
INFO [2021-11-22 09:04:18] $cat.default.pos
INFO [2021-11-22 09:04:18] [1] "outer"
INFO [2021-11-22 09:04:18] 
INFO [2021-11-22 09:04:18] $cat.fontfamily
INFO [2021-11-22 09:04:18] [1] "sans"
INFO [2021-11-22 09:04:18] 
