INFO [2021-11-22 09:48:52] $x
INFO [2021-11-22 09:48:52] list(IBDGene, GravesGene, CeliacGene, AsthmaGene)
INFO [2021-11-22 09:48:52] 
INFO [2021-11-22 09:48:52] $category.names
INFO [2021-11-22 09:48:52] c("IBD", "Graves", "Celiac", "Asthma")
INFO [2021-11-22 09:48:52] 
INFO [2021-11-22 09:48:52] $filename
INFO [2021-11-22 09:48:52] [1] "Genes_venn_diagramm2.png"
INFO [2021-11-22 09:48:52] 
INFO [2021-11-22 09:48:52] $output
INFO [2021-11-22 09:48:52] [1] TRUE
INFO [2021-11-22 09:48:52] 
INFO [2021-11-22 09:48:52] $lwd
INFO [2021-11-22 09:48:52] [1] 1.5
INFO [2021-11-22 09:48:52] 
INFO [2021-11-22 09:48:52] $lty
INFO [2021-11-22 09:48:52] [1] "blank"
INFO [2021-11-22 09:48:52] 
INFO [2021-11-22 09:48:52] $fill
INFO [2021-11-22 09:48:52] myCol
INFO [2021-11-22 09:48:52] 
INFO [2021-11-22 09:48:52] $cex
INFO [2021-11-22 09:48:52] [1] 0.4
INFO [2021-11-22 09:48:52] 
INFO [2021-11-22 09:48:52] $fontface
INFO [2021-11-22 09:48:52] [1] "bold"
INFO [2021-11-22 09:48:52] 
INFO [2021-11-22 09:48:52] $fontfamily
INFO [2021-11-22 09:48:52] [1] "sans"
INFO [2021-11-22 09:48:52] 
INFO [2021-11-22 09:48:52] $cat.cex
INFO [2021-11-22 09:48:52] [1] 0.4
INFO [2021-11-22 09:48:52] 
INFO [2021-11-22 09:48:52] $cat.fontface
INFO [2021-11-22 09:48:52] [1] "bold"
INFO [2021-11-22 09:48:52] 
INFO [2021-11-22 09:48:52] $cat.default.pos
INFO [2021-11-22 09:48:52] [1] "outer"
INFO [2021-11-22 09:48:52] 
INFO [2021-11-22 09:48:52] $cat.fontfamily
INFO [2021-11-22 09:48:52] [1] "sans"
INFO [2021-11-22 09:48:52] 
