INFO [2021-11-22 09:16:10] $x
INFO [2021-11-22 09:16:10] list(MSGene, RArthritisGene, LupusGene, T1DiabetesGene, AsthmaGene)
INFO [2021-11-22 09:16:10] 
INFO [2021-11-22 09:16:10] $category.names
INFO [2021-11-22 09:16:10] c("MS", "RArthritis", "Lupus", "T1Diabetes", "Asthma")
INFO [2021-11-22 09:16:10] 
INFO [2021-11-22 09:16:10] $filename
INFO [2021-11-22 09:16:10] [1] "Genes_venn_diagramm4.png"
INFO [2021-11-22 09:16:10] 
INFO [2021-11-22 09:16:10] $output
INFO [2021-11-22 09:16:10] [1] TRUE
INFO [2021-11-22 09:16:10] 
INFO [2021-11-22 09:16:10] $lwd
INFO [2021-11-22 09:16:10] [1] 1.5
INFO [2021-11-22 09:16:10] 
INFO [2021-11-22 09:16:10] $lty
INFO [2021-11-22 09:16:10] [1] "blank"
INFO [2021-11-22 09:16:10] 
INFO [2021-11-22 09:16:10] $fill
INFO [2021-11-22 09:16:10] myCol2
INFO [2021-11-22 09:16:10] 
INFO [2021-11-22 09:16:10] $cex
INFO [2021-11-22 09:16:10] [1] 0.4
INFO [2021-11-22 09:16:10] 
INFO [2021-11-22 09:16:10] $fontface
INFO [2021-11-22 09:16:10] [1] "bold"
INFO [2021-11-22 09:16:10] 
INFO [2021-11-22 09:16:10] $fontfamily
INFO [2021-11-22 09:16:10] [1] "sans"
INFO [2021-11-22 09:16:10] 
INFO [2021-11-22 09:16:10] $cat.cex
INFO [2021-11-22 09:16:10] [1] 0.4
INFO [2021-11-22 09:16:10] 
INFO [2021-11-22 09:16:10] $cat.fontface
INFO [2021-11-22 09:16:10] [1] "bold"
INFO [2021-11-22 09:16:10] 
INFO [2021-11-22 09:16:10] $cat.default.pos
INFO [2021-11-22 09:16:10] [1] "outer"
INFO [2021-11-22 09:16:10] 
INFO [2021-11-22 09:16:10] $cat.fontfamily
INFO [2021-11-22 09:16:10] [1] "sans"
INFO [2021-11-22 09:16:10] 
ERROR [2021-11-22 09:16:10] NAs in dataset
