INFO [2021-11-22 09:48:55] $x
INFO [2021-11-22 09:48:55] list(IBDGene, GravesGene, HashimotoGene, CeliacGene, AsthmaGene)
INFO [2021-11-22 09:48:55] 
INFO [2021-11-22 09:48:55] $category.names
INFO [2021-11-22 09:48:55] c("IBD", "Graves", "Hashimoto's", "Celiac", "Asthma")
INFO [2021-11-22 09:48:55] 
INFO [2021-11-22 09:48:55] $filename
INFO [2021-11-22 09:48:55] [1] "Genes_venn_diagramm3.png"
INFO [2021-11-22 09:48:55] 
INFO [2021-11-22 09:48:55] $output
INFO [2021-11-22 09:48:55] [1] TRUE
INFO [2021-11-22 09:48:55] 
INFO [2021-11-22 09:48:55] $lwd
INFO [2021-11-22 09:48:55] [1] 1.5
INFO [2021-11-22 09:48:55] 
INFO [2021-11-22 09:48:55] $lty
INFO [2021-11-22 09:48:55] [1] "blank"
INFO [2021-11-22 09:48:55] 
INFO [2021-11-22 09:48:55] $fill
INFO [2021-11-22 09:48:55] myCol2
INFO [2021-11-22 09:48:55] 
INFO [2021-11-22 09:48:55] $cex
INFO [2021-11-22 09:48:55] [1] 0.4
INFO [2021-11-22 09:48:55] 
INFO [2021-11-22 09:48:55] $fontface
INFO [2021-11-22 09:48:55] [1] "bold"
INFO [2021-11-22 09:48:55] 
INFO [2021-11-22 09:48:55] $fontfamily
INFO [2021-11-22 09:48:55] [1] "sans"
INFO [2021-11-22 09:48:55] 
INFO [2021-11-22 09:48:55] $cat.cex
INFO [2021-11-22 09:48:55] [1] 0.4
INFO [2021-11-22 09:48:55] 
INFO [2021-11-22 09:48:55] $cat.fontface
INFO [2021-11-22 09:48:55] [1] "bold"
INFO [2021-11-22 09:48:55] 
INFO [2021-11-22 09:48:55] $cat.default.pos
INFO [2021-11-22 09:48:55] [1] "outer"
INFO [2021-11-22 09:48:55] 
INFO [2021-11-22 09:48:55] $cat.fontfamily
INFO [2021-11-22 09:48:55] [1] "sans"
INFO [2021-11-22 09:48:55] 
