INFO [2021-11-22 09:48:58] $x
INFO [2021-11-22 09:48:58] list(MSGene, RArthritisGene, LupusGene, AsthmaGene)
INFO [2021-11-22 09:48:58] 
INFO [2021-11-22 09:48:58] $category.names
INFO [2021-11-22 09:48:58] c("MS", "RArthritis", "Lupus", "Asthma")
INFO [2021-11-22 09:48:58] 
INFO [2021-11-22 09:48:58] $filename
INFO [2021-11-22 09:48:58] [1] "Genes_venn_diagramm5.png"
INFO [2021-11-22 09:48:58] 
INFO [2021-11-22 09:48:58] $output
INFO [2021-11-22 09:48:58] [1] TRUE
INFO [2021-11-22 09:48:58] 
INFO [2021-11-22 09:48:58] $lwd
INFO [2021-11-22 09:48:58] [1] 1.5
INFO [2021-11-22 09:48:58] 
INFO [2021-11-22 09:48:58] $lty
INFO [2021-11-22 09:48:58] [1] "blank"
INFO [2021-11-22 09:48:58] 
INFO [2021-11-22 09:48:58] $fill
INFO [2021-11-22 09:48:58] myCol
INFO [2021-11-22 09:48:58] 
INFO [2021-11-22 09:48:58] $cex
INFO [2021-11-22 09:48:58] [1] 0.4
INFO [2021-11-22 09:48:58] 
INFO [2021-11-22 09:48:58] $fontface
INFO [2021-11-22 09:48:58] [1] "bold"
INFO [2021-11-22 09:48:58] 
INFO [2021-11-22 09:48:58] $fontfamily
INFO [2021-11-22 09:48:58] [1] "sans"
INFO [2021-11-22 09:48:58] 
INFO [2021-11-22 09:48:58] $cat.cex
INFO [2021-11-22 09:48:58] [1] 0.4
INFO [2021-11-22 09:48:58] 
INFO [2021-11-22 09:48:58] $cat.fontface
INFO [2021-11-22 09:48:58] [1] "bold"
INFO [2021-11-22 09:48:58] 
INFO [2021-11-22 09:48:58] $cat.default.pos
INFO [2021-11-22 09:48:58] [1] "outer"
INFO [2021-11-22 09:48:58] 
INFO [2021-11-22 09:48:58] $cat.fontfamily
INFO [2021-11-22 09:48:58] [1] "sans"
INFO [2021-11-22 09:48:58] 
