INFO [2021-11-22 09:49:02] $x
INFO [2021-11-22 09:49:02] list(IBDGene, GravesGene, HashimotoGene, CeliacGene)
INFO [2021-11-22 09:49:02] 
INFO [2021-11-22 09:49:02] $category.names
INFO [2021-11-22 09:49:02] c("IBD", "Graves", "Hashimoto's", "Celiac")
INFO [2021-11-22 09:49:02] 
INFO [2021-11-22 09:49:02] $filename
INFO [2021-11-22 09:49:02] [1] "Genes_venn_diagramm7.png"
INFO [2021-11-22 09:49:02] 
INFO [2021-11-22 09:49:02] $output
INFO [2021-11-22 09:49:02] [1] TRUE
INFO [2021-11-22 09:49:02] 
INFO [2021-11-22 09:49:02] $lwd
INFO [2021-11-22 09:49:02] [1] 1.5
INFO [2021-11-22 09:49:02] 
INFO [2021-11-22 09:49:02] $lty
INFO [2021-11-22 09:49:02] [1] "blank"
INFO [2021-11-22 09:49:02] 
INFO [2021-11-22 09:49:02] $fill
INFO [2021-11-22 09:49:02] myCol
INFO [2021-11-22 09:49:02] 
INFO [2021-11-22 09:49:02] $cex
INFO [2021-11-22 09:49:02] [1] 0.4
INFO [2021-11-22 09:49:02] 
INFO [2021-11-22 09:49:02] $fontface
INFO [2021-11-22 09:49:02] [1] "bold"
INFO [2021-11-22 09:49:02] 
INFO [2021-11-22 09:49:02] $fontfamily
INFO [2021-11-22 09:49:02] [1] "sans"
INFO [2021-11-22 09:49:02] 
INFO [2021-11-22 09:49:02] $cat.cex
INFO [2021-11-22 09:49:02] [1] 0.4
INFO [2021-11-22 09:49:02] 
INFO [2021-11-22 09:49:02] $cat.fontface
INFO [2021-11-22 09:49:02] [1] "bold"
INFO [2021-11-22 09:49:02] 
INFO [2021-11-22 09:49:02] $cat.default.pos
INFO [2021-11-22 09:49:02] [1] "outer"
INFO [2021-11-22 09:49:02] 
INFO [2021-11-22 09:49:02] $cat.fontfamily
INFO [2021-11-22 09:49:02] [1] "sans"
INFO [2021-11-22 09:49:02] 
