INFO [2021-11-22 09:46:30] $x
INFO [2021-11-22 09:46:30] list(MSGene, RArthritisGene, LupusGene, T1DiabetesGene, AsthmaGene)
INFO [2021-11-22 09:46:30] 
INFO [2021-11-22 09:46:30] $category.names
INFO [2021-11-22 09:46:30] c("MS", "RArthritis", "Lupus", "T1Diabetes", "Asthma")
INFO [2021-11-22 09:46:30] 
INFO [2021-11-22 09:46:30] $filename
INFO [2021-11-22 09:46:30] [1] "Genes_venn_diagramm4.png"
INFO [2021-11-22 09:46:30] 
INFO [2021-11-22 09:46:30] $output
INFO [2021-11-22 09:46:30] [1] TRUE
INFO [2021-11-22 09:46:30] 
INFO [2021-11-22 09:46:30] $lwd
INFO [2021-11-22 09:46:30] [1] 1.5
INFO [2021-11-22 09:46:30] 
INFO [2021-11-22 09:46:30] $lty
INFO [2021-11-22 09:46:30] [1] "blank"
INFO [2021-11-22 09:46:30] 
INFO [2021-11-22 09:46:30] $fill
INFO [2021-11-22 09:46:30] myCol2
INFO [2021-11-22 09:46:30] 
INFO [2021-11-22 09:46:30] $cex
INFO [2021-11-22 09:46:30] [1] 0.4
INFO [2021-11-22 09:46:30] 
INFO [2021-11-22 09:46:30] $fontface
INFO [2021-11-22 09:46:30] [1] "bold"
INFO [2021-11-22 09:46:30] 
INFO [2021-11-22 09:46:30] $fontfamily
INFO [2021-11-22 09:46:30] [1] "sans"
INFO [2021-11-22 09:46:30] 
INFO [2021-11-22 09:46:30] $cat.cex
INFO [2021-11-22 09:46:30] [1] 0.4
INFO [2021-11-22 09:46:30] 
INFO [2021-11-22 09:46:30] $cat.fontface
INFO [2021-11-22 09:46:30] [1] "bold"
INFO [2021-11-22 09:46:30] 
INFO [2021-11-22 09:46:30] $cat.default.pos
INFO [2021-11-22 09:46:30] [1] "outer"
INFO [2021-11-22 09:46:30] 
INFO [2021-11-22 09:46:30] $cat.fontfamily
INFO [2021-11-22 09:46:30] [1] "sans"
INFO [2021-11-22 09:46:30] 
