INFO [2021-10-12 12:18:11] $x
INFO [2021-10-12 12:18:11] list(MSSNP, RArthritisSNP, LupusSNP, T1DiabetesSNP)
INFO [2021-10-12 12:18:11] 
INFO [2021-10-12 12:18:11] $category.names
INFO [2021-10-12 12:18:11] c("MS", "RArthritis", "Lupus", "T1Diabetes")
INFO [2021-10-12 12:18:11] 
INFO [2021-10-12 12:18:11] $filename
INFO [2021-10-12 12:18:11] [1] "SNPs_venn_diagramm.png"
INFO [2021-10-12 12:18:11] 
INFO [2021-10-12 12:18:11] $output
INFO [2021-10-12 12:18:11] [1] TRUE
INFO [2021-10-12 12:18:11] 
INFO [2021-10-12 12:18:11] $lwd
INFO [2021-10-12 12:18:11] [1] 1.5
INFO [2021-10-12 12:18:11] 
INFO [2021-10-12 12:18:11] $lty
INFO [2021-10-12 12:18:11] [1] "blank"
INFO [2021-10-12 12:18:11] 
INFO [2021-10-12 12:18:11] $fill
INFO [2021-10-12 12:18:11] myCol
INFO [2021-10-12 12:18:11] 
INFO [2021-10-12 12:18:11] $cex
INFO [2021-10-12 12:18:11] [1] 0.4
INFO [2021-10-12 12:18:11] 
INFO [2021-10-12 12:18:11] $fontface
INFO [2021-10-12 12:18:11] [1] "bold"
INFO [2021-10-12 12:18:11] 
INFO [2021-10-12 12:18:11] $fontfamily
INFO [2021-10-12 12:18:11] [1] "sans"
INFO [2021-10-12 12:18:11] 
INFO [2021-10-12 12:18:11] $cat.cex
INFO [2021-10-12 12:18:11] [1] 0.4
INFO [2021-10-12 12:18:11] 
INFO [2021-10-12 12:18:11] $cat.fontface
INFO [2021-10-12 12:18:11] [1] "bold"
INFO [2021-10-12 12:18:11] 
INFO [2021-10-12 12:18:11] $cat.default.pos
INFO [2021-10-12 12:18:11] [1] "outer"
INFO [2021-10-12 12:18:11] 
INFO [2021-10-12 12:18:11] $cat.fontfamily
INFO [2021-10-12 12:18:11] [1] "sans"
INFO [2021-10-12 12:18:11] 
