INFO [2021-10-13 21:06:29] $x
INFO [2021-10-13 21:06:29] list(MSSNP, RArthritisSNP, LupusSNP, T1DiabetesSNP, AsthmaSNP)
INFO [2021-10-13 21:06:29] 
INFO [2021-10-13 21:06:29] $category.names
INFO [2021-10-13 21:06:29] c("MS", "RArthritis", "Lupus", "T1Diabetes", "Asthma")
INFO [2021-10-13 21:06:29] 
INFO [2021-10-13 21:06:29] $filename
INFO [2021-10-13 21:06:29] [1] "SNPs_venn_diagramm4.png"
INFO [2021-10-13 21:06:29] 
INFO [2021-10-13 21:06:29] $output
INFO [2021-10-13 21:06:29] [1] TRUE
INFO [2021-10-13 21:06:29] 
INFO [2021-10-13 21:06:29] $lwd
INFO [2021-10-13 21:06:29] [1] 1.5
INFO [2021-10-13 21:06:29] 
INFO [2021-10-13 21:06:29] $lty
INFO [2021-10-13 21:06:29] [1] "blank"
INFO [2021-10-13 21:06:29] 
INFO [2021-10-13 21:06:29] $fill
INFO [2021-10-13 21:06:29] myCol2
INFO [2021-10-13 21:06:29] 
INFO [2021-10-13 21:06:29] $cex
INFO [2021-10-13 21:06:29] [1] 0.4
INFO [2021-10-13 21:06:29] 
INFO [2021-10-13 21:06:29] $fontface
INFO [2021-10-13 21:06:29] [1] "bold"
INFO [2021-10-13 21:06:29] 
INFO [2021-10-13 21:06:29] $fontfamily
INFO [2021-10-13 21:06:29] [1] "sans"
INFO [2021-10-13 21:06:29] 
INFO [2021-10-13 21:06:29] $cat.cex
INFO [2021-10-13 21:06:29] [1] 0.4
INFO [2021-10-13 21:06:29] 
INFO [2021-10-13 21:06:29] $cat.fontface
INFO [2021-10-13 21:06:29] [1] "bold"
INFO [2021-10-13 21:06:29] 
INFO [2021-10-13 21:06:29] $cat.default.pos
INFO [2021-10-13 21:06:29] [1] "outer"
INFO [2021-10-13 21:06:29] 
INFO [2021-10-13 21:06:29] $cat.fontfamily
INFO [2021-10-13 21:06:29] [1] "sans"
INFO [2021-10-13 21:06:29] 
