INFO [2021-10-13 21:08:17] $x
INFO [2021-10-13 21:08:17] list(IBDSNP, T1DiabetesSNP, CeliacSNP, AsthmaSNP)
INFO [2021-10-13 21:08:17] 
INFO [2021-10-13 21:08:17] $category.names
INFO [2021-10-13 21:08:17] c("IBD", "T1Diabetes", "Celiac", "Asthma")
INFO [2021-10-13 21:08:17] 
INFO [2021-10-13 21:08:17] $filename
INFO [2021-10-13 21:08:17] [1] "SNPs_venn_diagramm5.png"
INFO [2021-10-13 21:08:17] 
INFO [2021-10-13 21:08:17] $output
INFO [2021-10-13 21:08:17] [1] TRUE
INFO [2021-10-13 21:08:17] 
INFO [2021-10-13 21:08:17] $lwd
INFO [2021-10-13 21:08:17] [1] 1.5
INFO [2021-10-13 21:08:17] 
INFO [2021-10-13 21:08:17] $lty
INFO [2021-10-13 21:08:17] [1] "blank"
INFO [2021-10-13 21:08:17] 
INFO [2021-10-13 21:08:17] $fill
INFO [2021-10-13 21:08:17] myCol
INFO [2021-10-13 21:08:17] 
INFO [2021-10-13 21:08:17] $cex
INFO [2021-10-13 21:08:17] [1] 0.4
INFO [2021-10-13 21:08:17] 
INFO [2021-10-13 21:08:17] $fontface
INFO [2021-10-13 21:08:17] [1] "bold"
INFO [2021-10-13 21:08:17] 
INFO [2021-10-13 21:08:17] $fontfamily
INFO [2021-10-13 21:08:17] [1] "sans"
INFO [2021-10-13 21:08:17] 
INFO [2021-10-13 21:08:17] $cat.cex
INFO [2021-10-13 21:08:17] [1] 0.4
INFO [2021-10-13 21:08:17] 
INFO [2021-10-13 21:08:17] $cat.fontface
INFO [2021-10-13 21:08:17] [1] "bold"
INFO [2021-10-13 21:08:17] 
INFO [2021-10-13 21:08:17] $cat.default.pos
INFO [2021-10-13 21:08:17] [1] "outer"
INFO [2021-10-13 21:08:17] 
INFO [2021-10-13 21:08:17] $cat.fontfamily
INFO [2021-10-13 21:08:17] [1] "sans"
INFO [2021-10-13 21:08:17] 
