INFO [2021-10-13 21:06:30] $x
INFO [2021-10-13 21:06:30] list(IBDSNP, GravesSNP, CeliacSNP, AsthmaSNP)
INFO [2021-10-13 21:06:30] 
INFO [2021-10-13 21:06:30] $category.names
INFO [2021-10-13 21:06:30] c("IBD", "Graves", "Celiac", "Asthma")
INFO [2021-10-13 21:06:30] 
INFO [2021-10-13 21:06:30] $filename
INFO [2021-10-13 21:06:30] [1] "SNPs_venn_diagramm2.png"
INFO [2021-10-13 21:06:30] 
INFO [2021-10-13 21:06:30] $output
INFO [2021-10-13 21:06:30] [1] TRUE
INFO [2021-10-13 21:06:30] 
INFO [2021-10-13 21:06:30] $lwd
INFO [2021-10-13 21:06:30] [1] 1.5
INFO [2021-10-13 21:06:30] 
INFO [2021-10-13 21:06:30] $lty
INFO [2021-10-13 21:06:30] [1] "blank"
INFO [2021-10-13 21:06:30] 
INFO [2021-10-13 21:06:30] $fill
INFO [2021-10-13 21:06:30] myCol
INFO [2021-10-13 21:06:30] 
INFO [2021-10-13 21:06:30] $cex
INFO [2021-10-13 21:06:30] [1] 0.4
INFO [2021-10-13 21:06:30] 
INFO [2021-10-13 21:06:30] $fontface
INFO [2021-10-13 21:06:30] [1] "bold"
INFO [2021-10-13 21:06:30] 
INFO [2021-10-13 21:06:30] $fontfamily
INFO [2021-10-13 21:06:30] [1] "sans"
INFO [2021-10-13 21:06:30] 
INFO [2021-10-13 21:06:30] $cat.cex
INFO [2021-10-13 21:06:30] [1] 0.4
INFO [2021-10-13 21:06:30] 
INFO [2021-10-13 21:06:30] $cat.fontface
INFO [2021-10-13 21:06:30] [1] "bold"
INFO [2021-10-13 21:06:30] 
INFO [2021-10-13 21:06:30] $cat.default.pos
INFO [2021-10-13 21:06:30] [1] "outer"
INFO [2021-10-13 21:06:30] 
INFO [2021-10-13 21:06:30] $cat.fontfamily
INFO [2021-10-13 21:06:30] [1] "sans"
INFO [2021-10-13 21:06:30] 
