INFO [2021-10-12 12:18:15] $x
INFO [2021-10-12 12:18:15] list(IBDSNP, GravesSNP, CeliacSNP, AsthmaSNP)
INFO [2021-10-12 12:18:15] 
INFO [2021-10-12 12:18:15] $category.names
INFO [2021-10-12 12:18:15] c("IBD", "Graves", "Celiac", "Asthma")
INFO [2021-10-12 12:18:15] 
INFO [2021-10-12 12:18:15] $filename
INFO [2021-10-12 12:18:15] [1] "SNPs_venn_diagramm2.png"
INFO [2021-10-12 12:18:15] 
INFO [2021-10-12 12:18:15] $output
INFO [2021-10-12 12:18:15] [1] TRUE
INFO [2021-10-12 12:18:15] 
INFO [2021-10-12 12:18:15] $lwd
INFO [2021-10-12 12:18:15] [1] 1.5
INFO [2021-10-12 12:18:15] 
INFO [2021-10-12 12:18:15] $lty
INFO [2021-10-12 12:18:15] [1] "blank"
INFO [2021-10-12 12:18:15] 
INFO [2021-10-12 12:18:15] $fill
INFO [2021-10-12 12:18:15] myCol
INFO [2021-10-12 12:18:15] 
INFO [2021-10-12 12:18:15] $cex
INFO [2021-10-12 12:18:15] [1] 0.4
INFO [2021-10-12 12:18:15] 
INFO [2021-10-12 12:18:15] $fontface
INFO [2021-10-12 12:18:15] [1] "bold"
INFO [2021-10-12 12:18:15] 
INFO [2021-10-12 12:18:15] $fontfamily
INFO [2021-10-12 12:18:15] [1] "sans"
INFO [2021-10-12 12:18:15] 
INFO [2021-10-12 12:18:15] $cat.cex
INFO [2021-10-12 12:18:15] [1] 0.4
INFO [2021-10-12 12:18:15] 
INFO [2021-10-12 12:18:15] $cat.fontface
INFO [2021-10-12 12:18:15] [1] "bold"
INFO [2021-10-12 12:18:15] 
INFO [2021-10-12 12:18:15] $cat.default.pos
INFO [2021-10-12 12:18:15] [1] "outer"
INFO [2021-10-12 12:18:15] 
INFO [2021-10-12 12:18:15] $cat.fontfamily
INFO [2021-10-12 12:18:15] [1] "sans"
INFO [2021-10-12 12:18:15] 
