INFO [2021-10-13 21:06:27] $x
INFO [2021-10-13 21:06:27] list(MSSNP, RArthritisSNP, LupusSNP, T1DiabetesSNP)
INFO [2021-10-13 21:06:27] 
INFO [2021-10-13 21:06:27] $category.names
INFO [2021-10-13 21:06:27] c("MS", "RArthritis", "Lupus", "T1Diabetes")
INFO [2021-10-13 21:06:27] 
INFO [2021-10-13 21:06:27] $filename
INFO [2021-10-13 21:06:27] [1] "SNPs_venn_diagramm.png"
INFO [2021-10-13 21:06:27] 
INFO [2021-10-13 21:06:27] $output
INFO [2021-10-13 21:06:27] [1] TRUE
INFO [2021-10-13 21:06:27] 
INFO [2021-10-13 21:06:27] $lwd
INFO [2021-10-13 21:06:27] [1] 1.5
INFO [2021-10-13 21:06:27] 
INFO [2021-10-13 21:06:27] $lty
INFO [2021-10-13 21:06:27] [1] "blank"
INFO [2021-10-13 21:06:27] 
INFO [2021-10-13 21:06:27] $fill
INFO [2021-10-13 21:06:27] myCol
INFO [2021-10-13 21:06:27] 
INFO [2021-10-13 21:06:27] $cex
INFO [2021-10-13 21:06:27] [1] 0.4
INFO [2021-10-13 21:06:27] 
INFO [2021-10-13 21:06:27] $fontface
INFO [2021-10-13 21:06:27] [1] "bold"
INFO [2021-10-13 21:06:27] 
INFO [2021-10-13 21:06:27] $fontfamily
INFO [2021-10-13 21:06:27] [1] "sans"
INFO [2021-10-13 21:06:27] 
INFO [2021-10-13 21:06:27] $cat.cex
INFO [2021-10-13 21:06:27] [1] 0.4
INFO [2021-10-13 21:06:27] 
INFO [2021-10-13 21:06:27] $cat.fontface
INFO [2021-10-13 21:06:27] [1] "bold"
INFO [2021-10-13 21:06:27] 
INFO [2021-10-13 21:06:27] $cat.default.pos
INFO [2021-10-13 21:06:27] [1] "outer"
INFO [2021-10-13 21:06:27] 
INFO [2021-10-13 21:06:27] $cat.fontfamily
INFO [2021-10-13 21:06:27] [1] "sans"
INFO [2021-10-13 21:06:27] 
