INFO [2021-11-27 13:20:58] $x
INFO [2021-11-27 13:20:58] list(IBDSNP, GravesSNP, CeliacSNP, AsthmaSNP)
INFO [2021-11-27 13:20:58] 
INFO [2021-11-27 13:20:58] $category.names
INFO [2021-11-27 13:20:58] c("IBD", "Graves", "Celiac", "Asthma")
INFO [2021-11-27 13:20:58] 
INFO [2021-11-27 13:20:58] $filename
INFO [2021-11-27 13:20:58] [1] "SNPs_venn_diagramm2.png"
INFO [2021-11-27 13:20:58] 
INFO [2021-11-27 13:20:58] $output
INFO [2021-11-27 13:20:58] [1] TRUE
INFO [2021-11-27 13:20:58] 
INFO [2021-11-27 13:20:58] $lwd
INFO [2021-11-27 13:20:58] [1] 1.5
INFO [2021-11-27 13:20:58] 
INFO [2021-11-27 13:20:58] $lty
INFO [2021-11-27 13:20:58] [1] "blank"
INFO [2021-11-27 13:20:58] 
INFO [2021-11-27 13:20:58] $fill
INFO [2021-11-27 13:20:58] myCol
INFO [2021-11-27 13:20:58] 
INFO [2021-11-27 13:20:58] $cex
INFO [2021-11-27 13:20:58] [1] 0.4
INFO [2021-11-27 13:20:58] 
INFO [2021-11-27 13:20:58] $fontface
INFO [2021-11-27 13:20:58] [1] "bold"
INFO [2021-11-27 13:20:58] 
INFO [2021-11-27 13:20:58] $fontfamily
INFO [2021-11-27 13:20:58] [1] "sans"
INFO [2021-11-27 13:20:58] 
INFO [2021-11-27 13:20:58] $cat.cex
INFO [2021-11-27 13:20:58] [1] 0.4
INFO [2021-11-27 13:20:58] 
INFO [2021-11-27 13:20:58] $cat.fontface
INFO [2021-11-27 13:20:58] [1] "bold"
INFO [2021-11-27 13:20:58] 
INFO [2021-11-27 13:20:58] $cat.default.pos
INFO [2021-11-27 13:20:58] [1] "outer"
INFO [2021-11-27 13:20:58] 
INFO [2021-11-27 13:20:58] $cat.fontfamily
INFO [2021-11-27 13:20:58] [1] "sans"
INFO [2021-11-27 13:20:58] 
