INFO [2021-10-13 21:06:32] $x
INFO [2021-10-13 21:06:32] list(IBDSNP, GravesSNP, HashimotoSNP, CeliacSNP, AsthmaSNP)
INFO [2021-10-13 21:06:32] 
INFO [2021-10-13 21:06:32] $category.names
INFO [2021-10-13 21:06:32] c("IBD", "Graves", "Hashimoto's", "Celiac", "Asthma")
INFO [2021-10-13 21:06:32] 
INFO [2021-10-13 21:06:32] $filename
INFO [2021-10-13 21:06:32] [1] "SNPs_venn_diagramm3.png"
INFO [2021-10-13 21:06:32] 
INFO [2021-10-13 21:06:32] $output
INFO [2021-10-13 21:06:32] [1] TRUE
INFO [2021-10-13 21:06:32] 
INFO [2021-10-13 21:06:32] $lwd
INFO [2021-10-13 21:06:32] [1] 1.5
INFO [2021-10-13 21:06:32] 
INFO [2021-10-13 21:06:32] $lty
INFO [2021-10-13 21:06:32] [1] "blank"
INFO [2021-10-13 21:06:32] 
INFO [2021-10-13 21:06:32] $fill
INFO [2021-10-13 21:06:32] myCol2
INFO [2021-10-13 21:06:32] 
INFO [2021-10-13 21:06:32] $cex
INFO [2021-10-13 21:06:32] [1] 0.4
INFO [2021-10-13 21:06:32] 
INFO [2021-10-13 21:06:32] $fontface
INFO [2021-10-13 21:06:32] [1] "bold"
INFO [2021-10-13 21:06:32] 
INFO [2021-10-13 21:06:32] $fontfamily
INFO [2021-10-13 21:06:32] [1] "sans"
INFO [2021-10-13 21:06:32] 
INFO [2021-10-13 21:06:32] $cat.cex
INFO [2021-10-13 21:06:32] [1] 0.4
INFO [2021-10-13 21:06:32] 
INFO [2021-10-13 21:06:32] $cat.fontface
INFO [2021-10-13 21:06:32] [1] "bold"
INFO [2021-10-13 21:06:32] 
INFO [2021-10-13 21:06:32] $cat.default.pos
INFO [2021-10-13 21:06:32] [1] "outer"
INFO [2021-10-13 21:06:32] 
INFO [2021-10-13 21:06:32] $cat.fontfamily
INFO [2021-10-13 21:06:32] [1] "sans"
INFO [2021-10-13 21:06:32] 
