INFO [2021-10-13 21:16:05] $x
INFO [2021-10-13 21:16:05] list(IBDSNP, GravesSNP, HashimotoSNP, CeliacSNP)
INFO [2021-10-13 21:16:05] 
INFO [2021-10-13 21:16:05] $category.names
INFO [2021-10-13 21:16:05] c("IBD", "Graves", "Hashimoto's", "Celiac")
INFO [2021-10-13 21:16:05] 
INFO [2021-10-13 21:16:05] $filename
INFO [2021-10-13 21:16:05] [1] "SNPs_venn_diagramm7.png"
INFO [2021-10-13 21:16:05] 
INFO [2021-10-13 21:16:05] $output
INFO [2021-10-13 21:16:05] [1] TRUE
INFO [2021-10-13 21:16:05] 
INFO [2021-10-13 21:16:05] $lwd
INFO [2021-10-13 21:16:05] [1] 1.5
INFO [2021-10-13 21:16:05] 
INFO [2021-10-13 21:16:05] $lty
INFO [2021-10-13 21:16:05] [1] "blank"
INFO [2021-10-13 21:16:05] 
INFO [2021-10-13 21:16:05] $fill
INFO [2021-10-13 21:16:05] myCol
INFO [2021-10-13 21:16:05] 
INFO [2021-10-13 21:16:05] $cex
INFO [2021-10-13 21:16:05] [1] 0.4
INFO [2021-10-13 21:16:05] 
INFO [2021-10-13 21:16:05] $fontface
INFO [2021-10-13 21:16:05] [1] "bold"
INFO [2021-10-13 21:16:05] 
INFO [2021-10-13 21:16:05] $fontfamily
INFO [2021-10-13 21:16:05] [1] "sans"
INFO [2021-10-13 21:16:05] 
INFO [2021-10-13 21:16:05] $cat.cex
INFO [2021-10-13 21:16:05] [1] 0.4
INFO [2021-10-13 21:16:05] 
INFO [2021-10-13 21:16:05] $cat.fontface
INFO [2021-10-13 21:16:05] [1] "bold"
INFO [2021-10-13 21:16:05] 
INFO [2021-10-13 21:16:05] $cat.default.pos
INFO [2021-10-13 21:16:05] [1] "outer"
INFO [2021-10-13 21:16:05] 
INFO [2021-10-13 21:16:05] $cat.fontfamily
INFO [2021-10-13 21:16:05] [1] "sans"
INFO [2021-10-13 21:16:05] 
