INFO [2021-10-13 21:08:52] $x
INFO [2021-10-13 21:08:52] list(IBDSNP, T1DiabetesSNP, CeliacSNP, AsthmaSNP)
INFO [2021-10-13 21:08:52] 
INFO [2021-10-13 21:08:52] $category.names
INFO [2021-10-13 21:08:52] c("IBD", "T1Diabetes", "Celiac", "Asthma")
INFO [2021-10-13 21:08:52] 
INFO [2021-10-13 21:08:52] $filename
INFO [2021-10-13 21:08:52] [1] "SNPs_venn_diagramm6.png"
INFO [2021-10-13 21:08:52] 
INFO [2021-10-13 21:08:52] $output
INFO [2021-10-13 21:08:52] [1] TRUE
INFO [2021-10-13 21:08:52] 
INFO [2021-10-13 21:08:52] $lwd
INFO [2021-10-13 21:08:52] [1] 1.5
INFO [2021-10-13 21:08:52] 
INFO [2021-10-13 21:08:52] $lty
INFO [2021-10-13 21:08:52] [1] "blank"
INFO [2021-10-13 21:08:52] 
INFO [2021-10-13 21:08:52] $fill
INFO [2021-10-13 21:08:52] myCol
INFO [2021-10-13 21:08:52] 
INFO [2021-10-13 21:08:52] $cex
INFO [2021-10-13 21:08:52] [1] 0.4
INFO [2021-10-13 21:08:52] 
INFO [2021-10-13 21:08:52] $fontface
INFO [2021-10-13 21:08:52] [1] "bold"
INFO [2021-10-13 21:08:52] 
INFO [2021-10-13 21:08:52] $fontfamily
INFO [2021-10-13 21:08:52] [1] "sans"
INFO [2021-10-13 21:08:52] 
INFO [2021-10-13 21:08:52] $cat.cex
INFO [2021-10-13 21:08:52] [1] 0.4
INFO [2021-10-13 21:08:52] 
INFO [2021-10-13 21:08:52] $cat.fontface
INFO [2021-10-13 21:08:52] [1] "bold"
INFO [2021-10-13 21:08:52] 
INFO [2021-10-13 21:08:52] $cat.default.pos
INFO [2021-10-13 21:08:52] [1] "outer"
INFO [2021-10-13 21:08:52] 
INFO [2021-10-13 21:08:52] $cat.fontfamily
INFO [2021-10-13 21:08:52] [1] "sans"
INFO [2021-10-13 21:08:52] 
