INFO [2021-10-13 21:06:33] $x
INFO [2021-10-13 21:06:33] list(MSSNP, RArthritisSNP, LupusSNP, AsthmaSNP)
INFO [2021-10-13 21:06:33] 
INFO [2021-10-13 21:06:33] $category.names
INFO [2021-10-13 21:06:33] c("MS", "RArthritis", "Lupus", "Asthma")
INFO [2021-10-13 21:06:33] 
INFO [2021-10-13 21:06:33] $filename
INFO [2021-10-13 21:06:33] [1] "SNPs_venn_diagramm5.png"
INFO [2021-10-13 21:06:33] 
INFO [2021-10-13 21:06:33] $output
INFO [2021-10-13 21:06:33] [1] TRUE
INFO [2021-10-13 21:06:33] 
INFO [2021-10-13 21:06:33] $lwd
INFO [2021-10-13 21:06:33] [1] 1.5
INFO [2021-10-13 21:06:33] 
INFO [2021-10-13 21:06:33] $lty
INFO [2021-10-13 21:06:33] [1] "blank"
INFO [2021-10-13 21:06:33] 
INFO [2021-10-13 21:06:33] $fill
INFO [2021-10-13 21:06:33] myCol
INFO [2021-10-13 21:06:33] 
INFO [2021-10-13 21:06:33] $cex
INFO [2021-10-13 21:06:33] [1] 0.4
INFO [2021-10-13 21:06:33] 
INFO [2021-10-13 21:06:33] $fontface
INFO [2021-10-13 21:06:33] [1] "bold"
INFO [2021-10-13 21:06:33] 
INFO [2021-10-13 21:06:33] $fontfamily
INFO [2021-10-13 21:06:33] [1] "sans"
INFO [2021-10-13 21:06:33] 
INFO [2021-10-13 21:06:33] $cat.cex
INFO [2021-10-13 21:06:33] [1] 0.4
INFO [2021-10-13 21:06:33] 
INFO [2021-10-13 21:06:33] $cat.fontface
INFO [2021-10-13 21:06:33] [1] "bold"
INFO [2021-10-13 21:06:33] 
INFO [2021-10-13 21:06:33] $cat.default.pos
INFO [2021-10-13 21:06:33] [1] "outer"
INFO [2021-10-13 21:06:33] 
INFO [2021-10-13 21:06:33] $cat.fontfamily
INFO [2021-10-13 21:06:33] [1] "sans"
INFO [2021-10-13 21:06:33] 
