INFO [2021-11-27 13:21:01] $x
INFO [2021-11-27 13:21:01] list(IBDSNP, GravesSNP, HashimotoSNP, CeliacSNP)
INFO [2021-11-27 13:21:01] 
INFO [2021-11-27 13:21:01] $category.names
INFO [2021-11-27 13:21:01] c("IBD", "Graves", "Hashimoto's", "Celiac")
INFO [2021-11-27 13:21:01] 
INFO [2021-11-27 13:21:01] $filename
INFO [2021-11-27 13:21:01] [1] "SNPs_venn_diagramm7.png"
INFO [2021-11-27 13:21:01] 
INFO [2021-11-27 13:21:01] $output
INFO [2021-11-27 13:21:01] [1] TRUE
INFO [2021-11-27 13:21:01] 
INFO [2021-11-27 13:21:01] $lwd
INFO [2021-11-27 13:21:01] [1] 1.5
INFO [2021-11-27 13:21:01] 
INFO [2021-11-27 13:21:01] $lty
INFO [2021-11-27 13:21:01] [1] "blank"
INFO [2021-11-27 13:21:01] 
INFO [2021-11-27 13:21:01] $fill
INFO [2021-11-27 13:21:01] myCol
INFO [2021-11-27 13:21:01] 
INFO [2021-11-27 13:21:01] $cex
INFO [2021-11-27 13:21:01] [1] 0.4
INFO [2021-11-27 13:21:01] 
INFO [2021-11-27 13:21:01] $fontface
INFO [2021-11-27 13:21:01] [1] "bold"
INFO [2021-11-27 13:21:01] 
INFO [2021-11-27 13:21:01] $fontfamily
INFO [2021-11-27 13:21:01] [1] "sans"
INFO [2021-11-27 13:21:01] 
INFO [2021-11-27 13:21:01] $cat.cex
INFO [2021-11-27 13:21:01] [1] 0.4
INFO [2021-11-27 13:21:01] 
INFO [2021-11-27 13:21:01] $cat.fontface
INFO [2021-11-27 13:21:01] [1] "bold"
INFO [2021-11-27 13:21:01] 
INFO [2021-11-27 13:21:01] $cat.default.pos
INFO [2021-11-27 13:21:01] [1] "outer"
INFO [2021-11-27 13:21:01] 
INFO [2021-11-27 13:21:01] $cat.fontfamily
INFO [2021-11-27 13:21:01] [1] "sans"
INFO [2021-11-27 13:21:01] 
