INFO [2021-11-27 13:22:16] $x
INFO [2021-11-27 13:22:16] list(IBDGene, T1DiabetesGene, CeliacGene, AsthmaGene)
INFO [2021-11-27 13:22:16] 
INFO [2021-11-27 13:22:16] $category.names
INFO [2021-11-27 13:22:16] c("IBD", "T1Diabetes", "Celiac", "Asthma")
INFO [2021-11-27 13:22:16] 
INFO [2021-11-27 13:22:16] $filename
INFO [2021-11-27 13:22:16] [1] "Genes_venn_diagramm6.png"
INFO [2021-11-27 13:22:16] 
INFO [2021-11-27 13:22:16] $output
INFO [2021-11-27 13:22:16] [1] TRUE
INFO [2021-11-27 13:22:16] 
INFO [2021-11-27 13:22:16] $lwd
INFO [2021-11-27 13:22:16] [1] 1.5
INFO [2021-11-27 13:22:16] 
INFO [2021-11-27 13:22:16] $lty
INFO [2021-11-27 13:22:16] [1] "blank"
INFO [2021-11-27 13:22:16] 
INFO [2021-11-27 13:22:16] $fill
INFO [2021-11-27 13:22:16] myCol
INFO [2021-11-27 13:22:16] 
INFO [2021-11-27 13:22:16] $cex
INFO [2021-11-27 13:22:16] [1] 0.4
INFO [2021-11-27 13:22:16] 
INFO [2021-11-27 13:22:16] $fontface
INFO [2021-11-27 13:22:16] [1] "bold"
INFO [2021-11-27 13:22:16] 
INFO [2021-11-27 13:22:16] $fontfamily
INFO [2021-11-27 13:22:16] [1] "sans"
INFO [2021-11-27 13:22:16] 
INFO [2021-11-27 13:22:16] $cat.cex
INFO [2021-11-27 13:22:16] [1] 0.4
INFO [2021-11-27 13:22:16] 
INFO [2021-11-27 13:22:16] $cat.fontface
INFO [2021-11-27 13:22:16] [1] "bold"
INFO [2021-11-27 13:22:16] 
INFO [2021-11-27 13:22:16] $cat.default.pos
INFO [2021-11-27 13:22:16] [1] "outer"
INFO [2021-11-27 13:22:16] 
INFO [2021-11-27 13:22:16] $cat.fontfamily
INFO [2021-11-27 13:22:16] [1] "sans"
INFO [2021-11-27 13:22:16] 
