INFO [2021-11-27 13:22:14] $x
INFO [2021-11-27 13:22:14] list(IBDGene, GravesGene, CeliacGene, AsthmaGene)
INFO [2021-11-27 13:22:14] 
INFO [2021-11-27 13:22:14] $category.names
INFO [2021-11-27 13:22:14] c("IBD", "Graves", "Celiac", "Asthma")
INFO [2021-11-27 13:22:14] 
INFO [2021-11-27 13:22:14] $filename
INFO [2021-11-27 13:22:14] [1] "Genes_venn_diagramm2.png"
INFO [2021-11-27 13:22:14] 
INFO [2021-11-27 13:22:14] $output
INFO [2021-11-27 13:22:14] [1] TRUE
INFO [2021-11-27 13:22:14] 
INFO [2021-11-27 13:22:14] $lwd
INFO [2021-11-27 13:22:14] [1] 1.5
INFO [2021-11-27 13:22:14] 
INFO [2021-11-27 13:22:14] $lty
INFO [2021-11-27 13:22:14] [1] "blank"
INFO [2021-11-27 13:22:14] 
INFO [2021-11-27 13:22:14] $fill
INFO [2021-11-27 13:22:14] myCol
INFO [2021-11-27 13:22:14] 
INFO [2021-11-27 13:22:14] $cex
INFO [2021-11-27 13:22:14] [1] 0.4
INFO [2021-11-27 13:22:14] 
INFO [2021-11-27 13:22:14] $fontface
INFO [2021-11-27 13:22:14] [1] "bold"
INFO [2021-11-27 13:22:14] 
INFO [2021-11-27 13:22:14] $fontfamily
INFO [2021-11-27 13:22:14] [1] "sans"
INFO [2021-11-27 13:22:14] 
INFO [2021-11-27 13:22:14] $cat.cex
INFO [2021-11-27 13:22:14] [1] 0.4
INFO [2021-11-27 13:22:14] 
INFO [2021-11-27 13:22:14] $cat.fontface
INFO [2021-11-27 13:22:14] [1] "bold"
INFO [2021-11-27 13:22:14] 
INFO [2021-11-27 13:22:14] $cat.default.pos
INFO [2021-11-27 13:22:14] [1] "outer"
INFO [2021-11-27 13:22:14] 
INFO [2021-11-27 13:22:14] $cat.fontfamily
INFO [2021-11-27 13:22:14] [1] "sans"
INFO [2021-11-27 13:22:14] 
