INFO [2021-11-27 13:22:15] $x
INFO [2021-11-27 13:22:15] list(IBDGene, GravesGene, HashimotoGene, CeliacGene, AsthmaGene)
INFO [2021-11-27 13:22:15] 
INFO [2021-11-27 13:22:15] $category.names
INFO [2021-11-27 13:22:15] c("IBD", "Graves", "Hashimoto's", "Celiac", "Asthma")
INFO [2021-11-27 13:22:15] 
INFO [2021-11-27 13:22:15] $filename
INFO [2021-11-27 13:22:15] [1] "Genes_venn_diagramm3.png"
INFO [2021-11-27 13:22:15] 
INFO [2021-11-27 13:22:15] $output
INFO [2021-11-27 13:22:15] [1] TRUE
INFO [2021-11-27 13:22:15] 
INFO [2021-11-27 13:22:15] $lwd
INFO [2021-11-27 13:22:15] [1] 1.5
INFO [2021-11-27 13:22:15] 
INFO [2021-11-27 13:22:15] $lty
INFO [2021-11-27 13:22:15] [1] "blank"
INFO [2021-11-27 13:22:15] 
INFO [2021-11-27 13:22:15] $fill
INFO [2021-11-27 13:22:15] myCol2
INFO [2021-11-27 13:22:15] 
INFO [2021-11-27 13:22:15] $cex
INFO [2021-11-27 13:22:15] [1] 0.4
INFO [2021-11-27 13:22:15] 
INFO [2021-11-27 13:22:15] $fontface
INFO [2021-11-27 13:22:15] [1] "bold"
INFO [2021-11-27 13:22:15] 
INFO [2021-11-27 13:22:15] $fontfamily
INFO [2021-11-27 13:22:15] [1] "sans"
INFO [2021-11-27 13:22:15] 
INFO [2021-11-27 13:22:15] $cat.cex
INFO [2021-11-27 13:22:15] [1] 0.4
INFO [2021-11-27 13:22:15] 
INFO [2021-11-27 13:22:15] $cat.fontface
INFO [2021-11-27 13:22:15] [1] "bold"
INFO [2021-11-27 13:22:15] 
INFO [2021-11-27 13:22:15] $cat.default.pos
INFO [2021-11-27 13:22:15] [1] "outer"
INFO [2021-11-27 13:22:15] 
INFO [2021-11-27 13:22:15] $cat.fontfamily
INFO [2021-11-27 13:22:15] [1] "sans"
INFO [2021-11-27 13:22:15] 
