INFO [2021-11-27 13:20:57] $x
INFO [2021-11-27 13:20:57] list(MSSNP, RArthritisSNP, LupusSNP, T1DiabetesSNP, AsthmaSNP)
INFO [2021-11-27 13:20:57] 
INFO [2021-11-27 13:20:57] $category.names
INFO [2021-11-27 13:20:57] c("MS", "RArthritis", "Lupus", "T1Diabetes", "Asthma")
INFO [2021-11-27 13:20:57] 
INFO [2021-11-27 13:20:57] $filename
INFO [2021-11-27 13:20:57] [1] "SNPs_venn_diagramm4.png"
INFO [2021-11-27 13:20:57] 
INFO [2021-11-27 13:20:57] $output
INFO [2021-11-27 13:20:57] [1] TRUE
INFO [2021-11-27 13:20:57] 
INFO [2021-11-27 13:20:57] $lwd
INFO [2021-11-27 13:20:57] [1] 1.5
INFO [2021-11-27 13:20:57] 
INFO [2021-11-27 13:20:57] $lty
INFO [2021-11-27 13:20:57] [1] "blank"
INFO [2021-11-27 13:20:57] 
INFO [2021-11-27 13:20:57] $fill
INFO [2021-11-27 13:20:57] myCol2
INFO [2021-11-27 13:20:57] 
INFO [2021-11-27 13:20:57] $cex
INFO [2021-11-27 13:20:57] [1] 0.4
INFO [2021-11-27 13:20:57] 
INFO [2021-11-27 13:20:57] $fontface
INFO [2021-11-27 13:20:57] [1] "bold"
INFO [2021-11-27 13:20:57] 
INFO [2021-11-27 13:20:57] $fontfamily
INFO [2021-11-27 13:20:57] [1] "sans"
INFO [2021-11-27 13:20:57] 
INFO [2021-11-27 13:20:57] $cat.cex
INFO [2021-11-27 13:20:57] [1] 0.4
INFO [2021-11-27 13:20:57] 
INFO [2021-11-27 13:20:57] $cat.fontface
INFO [2021-11-27 13:20:57] [1] "bold"
INFO [2021-11-27 13:20:57] 
INFO [2021-11-27 13:20:57] $cat.default.pos
INFO [2021-11-27 13:20:57] [1] "outer"
INFO [2021-11-27 13:20:57] 
INFO [2021-11-27 13:20:57] $cat.fontfamily
INFO [2021-11-27 13:20:57] [1] "sans"
INFO [2021-11-27 13:20:57] 
