INFO [2021-10-07 20:01:44] $x
INFO [2021-10-07 20:01:44] list(MSSNP, RArthritisSNP, LupusSNP, T1DiabetesSNP)
INFO [2021-10-07 20:01:44] 
INFO [2021-10-07 20:01:44] $category.names
INFO [2021-10-07 20:01:44] c("MS", "RArthritis", "Lupus", "T1Diabetes")
INFO [2021-10-07 20:01:44] 
INFO [2021-10-07 20:01:44] $filename
INFO [2021-10-07 20:01:44] [1] "SNPs_venn_diagramm.png"
INFO [2021-10-07 20:01:44] 
INFO [2021-10-07 20:01:44] $output
INFO [2021-10-07 20:01:44] [1] TRUE
INFO [2021-10-07 20:01:44] 
INFO [2021-10-07 20:01:44] $lwd
INFO [2021-10-07 20:01:44] [1] 2
INFO [2021-10-07 20:01:44] 
INFO [2021-10-07 20:01:44] $lty
INFO [2021-10-07 20:01:44] [1] "blank"
INFO [2021-10-07 20:01:44] 
INFO [2021-10-07 20:01:44] $fill
INFO [2021-10-07 20:01:44] myCol
INFO [2021-10-07 20:01:44] 
INFO [2021-10-07 20:01:44] $cex
INFO [2021-10-07 20:01:44] [1] 0.6
INFO [2021-10-07 20:01:44] 
INFO [2021-10-07 20:01:44] $fontface
INFO [2021-10-07 20:01:44] [1] "bold"
INFO [2021-10-07 20:01:44] 
INFO [2021-10-07 20:01:44] $fontfamily
INFO [2021-10-07 20:01:44] [1] "sans"
INFO [2021-10-07 20:01:44] 
INFO [2021-10-07 20:01:44] $cat.cex
INFO [2021-10-07 20:01:44] [1] 0.6
INFO [2021-10-07 20:01:44] 
INFO [2021-10-07 20:01:44] $cat.fontface
INFO [2021-10-07 20:01:44] [1] "bold"
INFO [2021-10-07 20:01:44] 
INFO [2021-10-07 20:01:44] $cat.default.pos
INFO [2021-10-07 20:01:44] [1] "outer"
INFO [2021-10-07 20:01:44] 
INFO [2021-10-07 20:01:44] $cat.fontfamily
INFO [2021-10-07 20:01:44] [1] "sans"
INFO [2021-10-07 20:01:44] 
