INFO [2021-11-27 13:20:55] $x
INFO [2021-11-27 13:20:55] list(MSSNP, RArthritisSNP, LupusSNP, T1DiabetesSNP)
INFO [2021-11-27 13:20:55] 
INFO [2021-11-27 13:20:55] $category.names
INFO [2021-11-27 13:20:55] c("MS", "RArthritis", "Lupus", "T1Diabetes")
INFO [2021-11-27 13:20:55] 
INFO [2021-11-27 13:20:55] $filename
INFO [2021-11-27 13:20:55] [1] "SNPs_venn_diagramm.png"
INFO [2021-11-27 13:20:55] 
INFO [2021-11-27 13:20:55] $output
INFO [2021-11-27 13:20:55] [1] TRUE
INFO [2021-11-27 13:20:55] 
INFO [2021-11-27 13:20:55] $lwd
INFO [2021-11-27 13:20:55] [1] 1.5
INFO [2021-11-27 13:20:55] 
INFO [2021-11-27 13:20:55] $lty
INFO [2021-11-27 13:20:55] [1] "blank"
INFO [2021-11-27 13:20:55] 
INFO [2021-11-27 13:20:55] $fill
INFO [2021-11-27 13:20:55] myCol
INFO [2021-11-27 13:20:55] 
INFO [2021-11-27 13:20:55] $cex
INFO [2021-11-27 13:20:55] [1] 0.4
INFO [2021-11-27 13:20:55] 
INFO [2021-11-27 13:20:55] $fontface
INFO [2021-11-27 13:20:55] [1] "bold"
INFO [2021-11-27 13:20:55] 
INFO [2021-11-27 13:20:55] $fontfamily
INFO [2021-11-27 13:20:55] [1] "sans"
INFO [2021-11-27 13:20:55] 
INFO [2021-11-27 13:20:55] $cat.cex
INFO [2021-11-27 13:20:55] [1] 0.4
INFO [2021-11-27 13:20:55] 
INFO [2021-11-27 13:20:55] $cat.fontface
INFO [2021-11-27 13:20:55] [1] "bold"
INFO [2021-11-27 13:20:55] 
INFO [2021-11-27 13:20:55] $cat.default.pos
INFO [2021-11-27 13:20:55] [1] "outer"
INFO [2021-11-27 13:20:55] 
INFO [2021-11-27 13:20:55] $cat.fontfamily
INFO [2021-11-27 13:20:55] [1] "sans"
INFO [2021-11-27 13:20:55] 
