INFO [2021-11-27 13:20:59] $x
INFO [2021-11-27 13:20:59] list(MSSNP, RArthritisSNP, LupusSNP, AsthmaSNP)
INFO [2021-11-27 13:20:59] 
INFO [2021-11-27 13:20:59] $category.names
INFO [2021-11-27 13:20:59] c("MS", "RArthritis", "Lupus", "Asthma")
INFO [2021-11-27 13:20:59] 
INFO [2021-11-27 13:20:59] $filename
INFO [2021-11-27 13:20:59] [1] "SNPs_venn_diagramm5.png"
INFO [2021-11-27 13:20:59] 
INFO [2021-11-27 13:20:59] $output
INFO [2021-11-27 13:20:59] [1] TRUE
INFO [2021-11-27 13:20:59] 
INFO [2021-11-27 13:20:59] $lwd
INFO [2021-11-27 13:20:59] [1] 1.5
INFO [2021-11-27 13:20:59] 
INFO [2021-11-27 13:20:59] $lty
INFO [2021-11-27 13:20:59] [1] "blank"
INFO [2021-11-27 13:20:59] 
INFO [2021-11-27 13:20:59] $fill
INFO [2021-11-27 13:20:59] myCol
INFO [2021-11-27 13:20:59] 
INFO [2021-11-27 13:20:59] $cex
INFO [2021-11-27 13:20:59] [1] 0.4
INFO [2021-11-27 13:20:59] 
INFO [2021-11-27 13:20:59] $fontface
INFO [2021-11-27 13:20:59] [1] "bold"
INFO [2021-11-27 13:20:59] 
INFO [2021-11-27 13:20:59] $fontfamily
INFO [2021-11-27 13:20:59] [1] "sans"
INFO [2021-11-27 13:20:59] 
INFO [2021-11-27 13:20:59] $cat.cex
INFO [2021-11-27 13:20:59] [1] 0.4
INFO [2021-11-27 13:20:59] 
INFO [2021-11-27 13:20:59] $cat.fontface
INFO [2021-11-27 13:20:59] [1] "bold"
INFO [2021-11-27 13:20:59] 
INFO [2021-11-27 13:20:59] $cat.default.pos
INFO [2021-11-27 13:20:59] [1] "outer"
INFO [2021-11-27 13:20:59] 
INFO [2021-11-27 13:20:59] $cat.fontfamily
INFO [2021-11-27 13:20:59] [1] "sans"
INFO [2021-11-27 13:20:59] 
